WARNING: A restricted method in java.lang.System has been called
WARNING: java.lang.System::load has been called by net.rubygrapefruit.platform.internal.NativeLibraryLoader in an unnamed module (file:/C:/Users/DELL/.gradle/wrapper/dists/gradle-8.13-all/54h0s9kvb6g2sinako7ub77ku/gradle-8.13/lib/native-platform-0.22-milestone-28.jar)
WARNING: Use --enable-native-access=ALL-UNNAMED to avoid a warning for callers in this module
WARNING: Restricted methods will be blocked in a future release unless native access is enabled

Kotlin does not yet support 24 JDK target, falling back to Kotlin JVM_22 JVM target
> Task :buildSrc:checkKotlinGradlePluginConfigurationErrors SKIPPED
> Task :buildSrc:generateExternalPluginSpecBuilders UP-TO-DATE
> Task :buildSrc:extractPrecompiledScriptPluginPlugins UP-TO-DATE
> Task :buildSrc:compilePluginsBlocks UP-TO-DATE
> Task :buildSrc:generatePrecompiledScriptPluginAccessors UP-TO-DATE
> Task :buildSrc:generateScriptPluginAdapters UP-TO-DATE

> Task :buildSrc:compileKotlin UP-TO-DATE
Kotlin does not yet support 24 JDK target, falling back to Kotlin JVM_22 JVM target

> Task :buildSrc:compileJava UP-TO-DATE
> Task :buildSrc:compileGroovy NO-SOURCE
> Task :buildSrc:pluginDescriptors UP-TO-DATE
> Task :buildSrc:processResources UP-TO-DATE
> Task :buildSrc:classes UP-TO-DATE
> Task :buildSrc:jar UP-TO-DATE

> Task :zap:compileJava
C:\Users\DELL\Desktop\R_Zap\defendly-tool\zap\src\main\java\org\parosproxy\paros\view\View.java:235: warning: [dangling-doc-comments] documentation comment is not attached to any declaration
    /// **
    ^
error: warnings found and -Werror specified
C:\Users\DELL\Desktop\R_Zap\defendly-tool\zap\src\main\java\org\parosproxy\paros\extension\ExtensionPopupMenuItem.java:213: warning: [dangling-doc-comments] documentation comment is not attached to any declaration
    /**
    ^
C:\Users\DELL\Desktop\R_Zap\defendly-tool\zap\src\main\java\org\parosproxy\paros\db\TableHistory.java:22: warning: [dangling-doc-comments] documentation comment is not attached to any declaration
/**
^
C:\Users\DELL\Desktop\R_Zap\defendly-tool\zap\src\main\java\org\parosproxy\paros\db\TableTag.java:22: warning: [dangling-doc-comments] documentation comment is not attached to any declaration
/**
^
C:\Users\DELL\Desktop\R_Zap\defendly-tool\zap\src\main\java\org\parosproxy\paros\db\TableAlert.java:22: warning: [dangling-doc-comments] documentation comment is not attached to any declaration
/**
^
C:\Users\DELL\Desktop\R_Zap\defendly-tool\zap\src\main\java\org\parosproxy\paros\db\TableSessionUrl.java:22: warning: [dangling-doc-comments] documentation comment is not attached to any declaration
/**
^
C:\Users\DELL\Desktop\R_Zap\defendly-tool\zap\src\main\java\org\parosproxy\paros\db\TableParam.java:22: warning: [dangling-doc-comments] documentation comment is not attached to any declaration
/**
^
C:\Users\DELL\Desktop\R_Zap\defendly-tool\zap\src\main\java\org\parosproxy\paros\db\TableContext.java:22: warning: [dangling-doc-comments] documentation comment is not attached to any declaration
/**
^
C:\Users\DELL\Desktop\R_Zap\defendly-tool\zap\src\main\java\org\zaproxy\zap\extension\history\HistoryFilterPlusDialog.java:89: warning: [dangling-doc-comments] documentation comment is not attached to any declaration
    /**
    ^
C:\Users\DELL\Desktop\R_Zap\defendly-tool\zap\src\main\java\org\zaproxy\zap\extension\brk\ExtensionBreak.java:674: warning: [dangling-doc-comments] documentation comment is not attached to any declaration
    /** No database tables used, so all supported */
    ^
C:\Users\DELL\Desktop\R_Zap\defendly-tool\zap\src\main\java\org\zaproxy\zap\extension\spider\DialogAddDomainAlwaysInScope.java:36: warning: [dangling-doc-comments] documentation comment is not attached to any declaration
/**
^
C:\Users\DELL\Desktop\R_Zap\defendly-tool\zap\src\main\java\org\zaproxy\zap\extension\spider\DomainsAlwaysInScopeTableModel.java:28: warning: [dangling-doc-comments] documentation comment is not attached to any declaration
/**
^
C:\Users\DELL\Desktop\R_Zap\defendly-tool\zap\src\main\java\org\zaproxy\zap\extension\spider\SpiderDialog.java:46: warning: [dangling-doc-comments] documentation comment is not attached to any declaration
/**
^
C:\Users\DELL\Desktop\R_Zap\defendly-tool\zap\src\main\java\org\zaproxy\zap\extension\spider\SpiderPanelTableModel.java:29: warning: [dangling-doc-comments] documentation comment is not attached to any declaration
/**
^
C:\Users\DELL\Desktop\R_Zap\defendly-tool\zap\src\main\java\org\zaproxy\zap\extension\spider\SpiderMessagesTableModel.java:42: warning: [dangling-doc-comments] documentation comment is not attached to any declaration
/**
^
C:\Users\DELL\Desktop\R_Zap\defendly-tool\zap\src\main\java\org\zaproxy\zap\extension\spider\SpiderMessagesTable.java:42: warning: [dangling-doc-comments] documentation comment is not attached to any declaration
/**
^
C:\Users\DELL\Desktop\R_Zap\defendly-tool\zap\src\main\java\org\zaproxy\zap\extension\stats\StatsdClient.java:1: warning: [dangling-doc-comments] documentation comment is not attached to any declaration
/**
^
C:\Users\DELL\Desktop\R_Zap\defendly-tool\zap\src\main\java\org\zaproxy\zap\extension\stdmenus\PopupMenuActiveScanNode.java:32: warning: [dangling-doc-comments] documentation comment is not attached to any declaration
/**
^
C:\Users\DELL\Desktop\R_Zap\defendly-tool\zap\src\main\java\org\zaproxy\zap\extension\stdmenus\PopupMenuActiveScanScope.java:31: warning: [dangling-doc-comments] documentation comment is not attached to any declaration
/**
^
C:\Users\DELL\Desktop\R_Zap\defendly-tool\zap\src\main\java\org\zaproxy\zap\extension\stdmenus\PopupMenuActiveScanSite.java:32: warning: [dangling-doc-comments] documentation comment is not attached to any declaration
/**
^
C:\Users\DELL\Desktop\R_Zap\defendly-tool\zap\src\main\java\org\zaproxy\zap\extension\stdmenus\PopupMenuActiveScanURL.java:32: warning: [dangling-doc-comments] documentation comment is not attached to any declaration
/**
^
1 error
21 warnings

> Task :zap:compileJava FAILED

[Incubating] Problems report is available at: file:///C:/Users/DELL/Desktop/R_Zap/defendly-tool/build/reports/problems/problems-report.html

FAILURE: Build failed with an exception.

* What went wrong:
Execution failed for task ':zap:compileJava'.
> Compilation failed; see the compiler output below.
  C:\Users\DELL\Desktop\R_Zap\defendly-tool\zap\src\main\java\org\parosproxy\paros\view\View.java:235: warning: [dangling-doc-comments] documentation comment is not attached to any declaration
      /// **
      ^
  1 error
  21 warnings

* Try:
> Run with --scan to get full insights.

BUILD FAILED in 10s
11 actionable tasks: 1 executed, 10 up-to-date
